

2025-05-08T13:04:39.040Z error:500-incorrect email or password -undefined-/api/auth/login-::1
2025-05-08T16:08:34.569Z error:500-incorrect email or password -undefined-/api/auth/login-::1
2025-05-08T18:06:28.649Z error:500-jwt expired-undefined-/api/booking/create-::1
2025-05-08T18:09:23.956Z error:500-Booking validation failed: property: Path `property` is required.-undefined-/api/booking/create-::1
2025-05-08T18:20:07.674Z error:500-Bookings details not found-undefined-/api/booking/user-bookings/681b03795f474ee12991473b-::1
2025-05-09T06:00:24.496Z error:500-Tooken Not found in adminmiddleware,Unauthorized user!-undefined-/api/admin/all-users-::1
2025-05-09T06:04:24.865Z error:500-User validation failed: mobile: Cast to Number failed for value "+91-9876543210" (type string) at path "mobile"-undefined-/api/auth/register-::1
2025-05-09T06:05:02.234Z error:500-Cannot read properties of undefined (reading 'isAdmin')-undefined-/api/admin/all-users-::1
2025-05-09T06:08:12.444Z error:500-Access Denied from user.isAdmin -undefined-/api/admin/all-users-::1
2025-05-09T06:09:39.977Z error:500-Cannot read properties of undefined (reading 'isAdmin')-undefined-/api/admin/all-users-::1
2025-05-09T06:11:05.597Z error:500-Cannot read properties of undefined (reading 'isAdmin')-undefined-/api/admin/all-users-::1
2025-05-09T06:12:00.976Z error:500-error in adminMiddleware-undefined-/api/admin/all-users-::1
2025-05-09T06:17:40.418Z error:500-User not found -undefined-/api/auth/login-::1
2025-05-11T02:58:28.314Z error:500-unauthorised user-undefined-/api/auth/current-user-::1
2025-05-11T02:59:38.646Z error:500-unauthorised user-undefined-/api/auth/current-user-::1
2025-05-11T03:03:17.244Z error:500-unauthorised user-undefined-/api/auth/current-user-::1
2025-05-11T03:03:19.226Z error:500-unauthorised user-undefined-/api/auth/current-user-::1
2025-05-11T03:03:26.243Z error:500-unauthorised user-undefined-/api/auth/current-user-::1
2025-05-11T03:03:31.230Z error:500-unauthorised user-undefined-/api/auth/current-user-::1
2025-05-11T03:03:35.229Z error:500-unauthorised user-undefined-/api/auth/current-user-::1
2025-05-11T03:03:38.020Z error:500-unauthorised user-undefined-/api/auth/current-user-::1
2025-05-11T03:16:56.137Z error:500-cookies is not defined-undefined-/api/auth/login-::1
2025-05-11T03:19:36.719Z error:500-incorrect email or password -undefined-/api/auth/login-::1
2025-05-11T03:24:56.861Z error:500-unauthorised user-undefined-/api/auth/current-user-::1
2025-05-11T04:32:56.332Z error:500-jwt expired-undefined-/api/auth/current-user-::1
2025-05-11T04:33:24.308Z error:500-jwt expired-undefined-/api/auth/current-user-::1
2025-05-11T04:33:52.316Z error:500-jwt expired-undefined-/api/auth/current-user-::1
2025-05-11T04:33:56.326Z error:500-jwt expired-undefined-/api/auth/current-user-::1
2025-05-11T04:33:57.286Z error:500-jwt expired-undefined-/api/auth/current-user-::1
2025-05-11T04:34:07.311Z error:500-jwt expired-undefined-/api/auth/current-user-::1
2025-05-11T04:34:11.296Z error:500-jwt expired-undefined-/api/auth/current-user-::1
2025-05-11T04:34:17.540Z error:500-jwt expired-undefined-/api/auth/current-user-::1
2025-05-11T04:34:21.330Z error:500-jwt expired-undefined-/api/auth/current-user-::1
2025-05-11T04:34:24.306Z error:500-jwt expired-undefined-/api/auth/current-user-::1
2025-05-11T04:34:26.307Z error:500-jwt expired-undefined-/api/auth/current-user-::1
2025-05-11T04:34:31.297Z error:500-jwt expired-undefined-/api/auth/current-user-::1
2025-05-11T04:34:42.331Z error:500-jwt expired-undefined-/api/auth/current-user-::1
2025-05-11T04:34:44.308Z error:500-jwt expired-undefined-/api/auth/current-user-::1
2025-05-11T04:34:47.305Z error:500-jwt expired-undefined-/api/auth/current-user-::1
2025-05-11T04:34:53.319Z error:500-jwt expired-undefined-/api/auth/current-user-::1
2025-05-11T04:35:31.310Z error:500-jwt expired-undefined-/api/auth/current-user-::1
2025-05-11T04:35:35.341Z error:500-jwt expired-undefined-/api/auth/current-user-::1
2025-05-11T04:35:39.405Z error:500-jwt expired-undefined-/api/auth/current-user-::1
2025-05-11T04:35:41.323Z error:500-jwt expired-undefined-/api/auth/current-user-::1
2025-05-11T04:35:46.296Z error:500-jwt expired-undefined-/api/auth/current-user-::1
2025-05-11T04:35:48.308Z error:500-jwt expired-undefined-/api/auth/current-user-::1
2025-05-11T04:35:50.363Z error:500-jwt expired-undefined-/api/auth/current-user-::1
2025-05-11T04:35:57.305Z error:500-jwt expired-undefined-/api/auth/current-user-::1
2025-05-11T04:35:59.339Z error:500-jwt expired-undefined-/api/auth/current-user-::1
2025-05-11T04:36:00.397Z error:500-jwt expired-undefined-/api/auth/current-user-::1
2025-05-11T04:36:04.305Z error:500-jwt expired-undefined-/api/auth/current-user-::1
2025-05-11T04:36:16.315Z error:500-jwt expired-undefined-/api/auth/current-user-::1
2025-05-11T04:36:18.326Z error:500-jwt expired-undefined-/api/auth/current-user-::1
2025-05-11T04:36:24.363Z error:500-jwt expired-undefined-/api/auth/current-user-::1
2025-05-11T04:36:29.313Z error:500-jwt expired-undefined-/api/auth/current-user-::1
2025-05-11T04:36:30.325Z error:500-jwt expired-undefined-/api/auth/current-user-::1
2025-05-11T04:37:43.313Z error:500-jwt expired-undefined-/api/auth/current-user-::1
2025-05-11T04:37:48.305Z error:500-jwt expired-undefined-/api/auth/current-user-::1
2025-05-11T04:37:55.323Z error:500-jwt expired-undefined-/api/auth/current-user-::1
2025-05-11T04:38:19.353Z error:500-jwt expired-undefined-/api/auth/current-user-::1
2025-05-11T04:38:25.323Z error:500-jwt expired-undefined-/api/auth/current-user-::1
2025-05-11T04:38:38.302Z error:500-jwt expired-undefined-/api/auth/current-user-::1
2025-05-11T04:38:41.303Z error:500-jwt expired-undefined-/api/auth/current-user-::1
2025-05-11T04:38:42.313Z error:500-jwt expired-undefined-/api/auth/current-user-::1
2025-05-11T04:38:57.316Z error:500-jwt expired-undefined-/api/auth/current-user-::1
2025-05-11T04:39:04.312Z error:500-jwt expired-undefined-/api/auth/current-user-::1
2025-05-11T04:39:05.304Z error:500-jwt expired-undefined-/api/auth/current-user-::1
2025-05-11T04:39:22.295Z error:500-jwt expired-undefined-/api/auth/current-user-::1
2025-05-11T04:39:25.308Z error:500-jwt expired-undefined-/api/auth/current-user-::1
2025-05-11T04:39:32.313Z error:500-jwt expired-undefined-/api/auth/current-user-::1
2025-05-11T04:39:34.411Z error:500-jwt expired-undefined-/api/auth/current-user-::1
2025-05-11T04:39:38.313Z error:500-jwt expired-undefined-/api/auth/current-user-::1
2025-05-11T04:39:44.295Z error:500-jwt expired-undefined-/api/auth/current-user-::1
2025-05-11T04:39:47.348Z error:500-jwt expired-undefined-/api/auth/current-user-::1
2025-05-11T04:39:49.320Z error:500-jwt expired-undefined-/api/auth/current-user-::1
2025-05-11T04:39:52.330Z error:500-jwt expired-undefined-/api/auth/current-user-::1
2025-05-11T04:39:54.326Z error:500-jwt expired-undefined-/api/auth/current-user-::1
2025-05-11T04:39:57.304Z error:500-jwt expired-undefined-/api/auth/current-user-::1
2025-05-11T04:40:01.307Z error:500-jwt expired-undefined-/api/auth/current-user-::1
2025-05-11T04:40:03.303Z error:500-jwt expired-undefined-/api/auth/current-user-::1
2025-05-11T04:40:11.317Z error:500-jwt expired-undefined-/api/auth/current-user-::1
2025-05-11T04:40:16.312Z error:500-jwt expired-undefined-/api/auth/current-user-::1
2025-05-11T04:40:19.302Z error:500-jwt expired-undefined-/api/auth/current-user-::1
2025-05-11T04:40:25.323Z error:500-jwt expired-undefined-/api/auth/current-user-::1
2025-05-11T04:47:25.292Z error:500-jwt expired-undefined-/api/auth/current-user-::1
2025-05-11T06:02:27.524Z error:500-jwt expired-undefined-/api/auth/current-user-::1
2025-05-11T06:18:03.551Z error:500-jwt expired-undefined-/api/auth/current-user-::1
2025-05-11T06:28:40.578Z error:500-jwt expired-undefined-/api/auth/current-user-::1
2025-05-11T06:28:44.683Z error:500-jwt expired-undefined-/api/auth/current-user-::1
2025-05-11T06:28:52.576Z error:500-jwt expired-undefined-/api/auth/current-user-::1
2025-05-11T06:29:35.592Z error:500-jwt expired-undefined-/api/auth/current-user-::1
2025-05-11T06:29:37.574Z error:500-jwt expired-undefined-/api/auth/current-user-::1
2025-05-11T06:29:41.753Z error:500-jwt expired-undefined-/api/auth/current-user-::1
2025-05-11T06:29:43.542Z error:500-jwt expired-undefined-/api/auth/current-user-::1
2025-05-11T06:29:48.533Z error:500-jwt expired-undefined-/api/auth/current-user-::1
2025-05-11T06:29:52.652Z error:500-jwt expired-undefined-/api/auth/current-user-::1
2025-05-11T06:29:53.542Z error:500-jwt expired-undefined-/api/auth/current-user-::1
2025-05-11T06:29:55.569Z error:500-jwt expired-undefined-/api/auth/current-user-::1
2025-05-11T06:29:58.551Z error:500-jwt expired-undefined-/api/auth/current-user-::1
2025-05-11T06:30:02.592Z error:500-jwt expired-undefined-/api/auth/current-user-::1
2025-05-11T06:30:08.593Z error:500-jwt expired-undefined-/api/auth/current-user-::1
2025-05-11T06:30:11.569Z error:500-jwt expired-undefined-/api/auth/current-user-::1
2025-05-11T06:30:16.566Z error:500-jwt expired-undefined-/api/auth/current-user-::1
2025-05-11T06:30:24.657Z error:500-jwt expired-undefined-/api/auth/current-user-::1
2025-05-11T06:30:26.583Z error:500-jwt expired-undefined-/api/auth/current-user-::1
2025-05-11T06:30:32.560Z error:500-jwt expired-undefined-/api/auth/current-user-::1
2025-05-11T06:30:37.531Z error:500-jwt expired-undefined-/api/auth/current-user-::1
2025-05-11T06:30:40.588Z error:500-jwt expired-undefined-/api/auth/current-user-::1
2025-05-11T06:30:42.581Z error:500-jwt expired-undefined-/api/auth/current-user-::1
2025-05-11T06:30:48.573Z error:500-jwt expired-undefined-/api/auth/current-user-::1
2025-05-11T06:30:49.642Z error:500-jwt expired-undefined-/api/auth/current-user-::1
2025-05-11T06:30:52.542Z error:500-jwt expired-undefined-/api/auth/current-user-::1
2025-05-11T06:30:55.568Z error:500-jwt expired-undefined-/api/auth/current-user-::1
2025-05-11T06:30:57.582Z error:500-jwt expired-undefined-/api/auth/current-user-::1
2025-05-11T06:30:59.550Z error:500-jwt expired-undefined-/api/auth/current-user-::1
2025-05-11T06:31:04.581Z error:500-jwt expired-undefined-/api/auth/current-user-::1
2025-05-11T06:31:18.622Z error:500-jwt expired-undefined-/api/auth/current-user-::1
2025-05-11T06:31:25.591Z error:500-jwt expired-undefined-/api/auth/current-user-::1
2025-05-11T06:31:29.562Z error:500-jwt expired-undefined-/api/auth/current-user-::1
2025-05-11T08:49:48.359Z error:500-Reached the max retries per request limit (which is 20). Refer to "maxRetriesPerRequest" option for details.-undefined-/api/auth/current-user-::1
2025-05-11T08:49:48.369Z error:500-Reached the max retries per request limit (which is 20). Refer to "maxRetriesPerRequest" option for details.-undefined-/api/auth/current-user-::1
2025-05-11T09:43:10.240Z error:500-jwt expired-undefined-/api/auth/current-user-::1
2025-05-11T10:28:09.551Z error:500-jwt expired-undefined-/api/auth/current-user-::1
